<?xml version="1.0" encoding="UTF-8"?>
<testng-results ignored="0" total="1" passed="1" failed="0" skipped="0">
  <reporter-output>
  </reporter-output>
  <suite started-at="2022-11-25T09:14:37 IST" name="Default suite" finished-at="2022-11-25T09:14:59 IST" duration-ms="21743">
    <groups>
    </groups>
    <test started-at="2022-11-25T09:14:37 IST" name="Default test" finished-at="2022-11-25T09:14:59 IST" duration-ms="21743">
      <class name="ai.ds.testLayer.BuyFunctionality">
        <test-method is-config="true" signature="setUp()[pri:0, instance:ai.ds.testLayer.BuyFunctionality@498d318c]" started-at="2022-11-25T09:14:37 IST" name="setUp" finished-at="2022-11-25T09:14:52 IST" duration-ms="14561" status="PASS">
          <reporter-output>
          </reporter-output>
        </test-method> <!-- setUp -->
        <test-method signature="verifyBuyFunctionality()[pri:0, instance:ai.ds.testLayer.BuyFunctionality@498d318c]" started-at="2022-11-25T09:14:52 IST" name="verifyBuyFunctionality" finished-at="2022-11-25T09:14:59 IST" duration-ms="7140" status="PASS">
          <reporter-output>
          </reporter-output>
        </test-method> <!-- verifyBuyFunctionality -->
        <test-method is-config="true" signature="tearDown()[pri:0, instance:ai.ds.testLayer.BuyFunctionality@498d318c]" started-at="2022-11-25T09:14:59 IST" name="tearDown" finished-at="2022-11-25T09:14:59 IST" duration-ms="1" status="PASS">
          <reporter-output>
          </reporter-output>
        </test-method> <!-- tearDown -->
      </class> <!-- ai.ds.testLayer.BuyFunctionality -->
    </test> <!-- Default test -->
  </suite> <!-- Default suite -->
</testng-results>
